<?xml version="1.0" encoding="UTF-8"?>
<!-- Generated by org.testng.reporters.JUnitReportReporter -->
<testsuite hostname="DESKTOP-50MHMES" failures="0" tests="15" name="hust.cs.javacourse.search.index.PostingListTest" time="0.000" errors="0" timestamp="05 5æœˆ 2021 08:49:41 GMT" skipped="15">
  <testcase classname="hust.cs.javacourse.search.index.PostingListTest" name="testIndexOf" time="0.000">
    <skipped/>
  </testcase> <!-- testIndexOf -->
  <testcase classname="hust.cs.javacourse.search.index.PostingListTest" name="testSort" time="0.000">
    <skipped/>
  </testcase> <!-- testSort -->
  <testcase classname="hust.cs.javacourse.search.index.PostingListTest" name="testRemove" time="0.000">
    <skipped/>
  </testcase> <!-- testRemove -->
  <testcase classname="hust.cs.javacourse.search.index.PostingListTest" name="testAdd" time="0.000">
    <skipped/>
  </testcase> <!-- testAdd -->
  <testcase classname="hust.cs.javacourse.search.index.PostingListTest" name="testIsEmpty" time="0.000">
    <skipped/>
  </testcase> <!-- testIsEmpty -->
  <testcase classname="hust.cs.javacourse.search.index.PostingListTest" name="testSize" time="0.000">
    <skipped/>
  </testcase> <!-- testSize -->
  <testcase classname="hust.cs.javacourse.search.index.PostingListTest" name="testReadObject" time="0.000">
    <skipped/>
  </testcase> <!-- testReadObject -->
  <testcase classname="hust.cs.javacourse.search.index.PostingListTest" name="testTestAdd" time="0.000">
    <skipped/>
  </testcase> <!-- testTestAdd -->
  <testcase classname="hust.cs.javacourse.search.index.PostingListTest" name="testTestIndexOf" time="0.000">
    <skipped/>
  </testcase> <!-- testTestIndexOf -->
  <testcase classname="hust.cs.javacourse.search.index.PostingListTest" name="testTestRemove" time="0.000">
    <skipped/>
  </testcase> <!-- testTestRemove -->
  <testcase classname="hust.cs.javacourse.search.index.PostingListTest" name="testClear" time="0.000">
    <skipped/>
  </testcase> <!-- testClear -->
  <testcase classname="hust.cs.javacourse.search.index.PostingListTest" name="testContains" time="0.000">
    <skipped/>
  </testcase> <!-- testContains -->
  <testcase classname="hust.cs.javacourse.search.index.PostingListTest" name="testTestToString" time="0.000">
    <skipped/>
  </testcase> <!-- testTestToString -->
  <testcase classname="hust.cs.javacourse.search.index.PostingListTest" name="testWriteObject" time="0.000">
    <skipped/>
  </testcase> <!-- testWriteObject -->
  <testcase classname="hust.cs.javacourse.search.index.PostingListTest" name="testGet" time="0.000">
    <skipped/>
  </testcase> <!-- testGet -->
</testsuite> <!-- hust.cs.javacourse.search.index.PostingListTest -->
