<?xml version="1.0" encoding="UTF-8"?>
<!-- Generated by org.testng.reporters.JUnitReportReporter -->
<testsuite hostname="DESKTOP-50MHMES" failures="0" tests="12" name="hust.cs.javacourse.search.index.PostingTest" time="0.000" errors="0" timestamp="05 5æœˆ 2021 08:49:41 GMT" skipped="12">
  <testcase classname="hust.cs.javacourse.search.index.PostingTest" name="testSetPositions" time="0.000">
    <skipped/>
  </testcase> <!-- testSetPositions -->
  <testcase classname="hust.cs.javacourse.search.index.PostingTest" name="testGetPositions" time="0.000">
    <skipped/>
  </testcase> <!-- testGetPositions -->
  <testcase classname="hust.cs.javacourse.search.index.PostingTest" name="testCompareTo" time="0.000">
    <skipped/>
  </testcase> <!-- testCompareTo -->
  <testcase classname="hust.cs.javacourse.search.index.PostingTest" name="testGetDocId" time="0.000">
    <skipped/>
  </testcase> <!-- testGetDocId -->
  <testcase classname="hust.cs.javacourse.search.index.PostingTest" name="testTestEquals" time="0.000">
    <skipped/>
  </testcase> <!-- testTestEquals -->
  <testcase classname="hust.cs.javacourse.search.index.PostingTest" name="testSort" time="0.000">
    <skipped/>
  </testcase> <!-- testSort -->
  <testcase classname="hust.cs.javacourse.search.index.PostingTest" name="testTestToString" time="0.000">
    <skipped/>
  </testcase> <!-- testTestToString -->
  <testcase classname="hust.cs.javacourse.search.index.PostingTest" name="testSetFreq" time="0.000">
    <skipped/>
  </testcase> <!-- testSetFreq -->
  <testcase classname="hust.cs.javacourse.search.index.PostingTest" name="testGetFreq" time="0.000">
    <skipped/>
  </testcase> <!-- testGetFreq -->
  <testcase classname="hust.cs.javacourse.search.index.PostingTest" name="testReadObject" time="0.000">
    <skipped/>
  </testcase> <!-- testReadObject -->
  <testcase classname="hust.cs.javacourse.search.index.PostingTest" name="testWriteObject" time="0.000">
    <skipped/>
  </testcase> <!-- testWriteObject -->
  <testcase classname="hust.cs.javacourse.search.index.PostingTest" name="testSetDocId" time="0.000">
    <skipped/>
  </testcase> <!-- testSetDocId -->
</testsuite> <!-- hust.cs.javacourse.search.index.PostingTest -->
