<?xml version="1.0" encoding="UTF-8"?>
<!-- Generated by org.testng.reporters.JUnitReportReporter -->
<testsuite hostname="DESKTOP-50MHMES" failures="0" tests="1" name="hust.cs.javacourse.search.parse.StopWordTermTupleFilterTest" time="0.000" errors="0" timestamp="05 5æœˆ 2021 14:23:49 GMT" skipped="1">
  <testcase classname="hust.cs.javacourse.search.parse.StopWordTermTupleFilterTest" name="testNext" time="0.000">
    <skipped/>
  </testcase> <!-- testNext -->
</testsuite> <!-- hust.cs.javacourse.search.parse.StopWordTermTupleFilterTest -->
