<?xml version="1.0" encoding="UTF-8"?>
<!-- Generated by org.testng.reporters.JUnitReportReporter -->
<testsuite hostname="DESKTOP-50MHMES" failures="0" tests="12" name="hust.cs.javacourse.search.index.DocumentTest" time="0.017" errors="0" timestamp="05 5æœˆ 2021 14:23:49 GMT" skipped="0">
  <testcase classname="hust.cs.javacourse.search.index.DocumentTest" name="testGetDocPath" time="0.001"/>
  <testcase classname="hust.cs.javacourse.search.index.DocumentTest" name="testGetTuples" time="0.000"/>
  <testcase classname="hust.cs.javacourse.search.index.DocumentTest" name="testGetTuple" time="0.000"/>
  <testcase classname="hust.cs.javacourse.search.index.DocumentTest" name="testGetDocId" time="0.000"/>
  <testcase classname="hust.cs.javacourse.search.index.DocumentTest" name="testContains" time="0.000"/>
  <testcase classname="hust.cs.javacourse.search.index.DocumentTest" name="testAddTuple" time="0.012"/>
  <testcase classname="hust.cs.javacourse.search.index.DocumentTest" name="testGetTupleSize" time="0.000"/>
  <testcase classname="hust.cs.javacourse.search.index.DocumentTest" name="testTestToString" time="0.004"/>
  <testcase classname="hust.cs.javacourse.search.index.DocumentTest" name="testSetDocId" time="0.000"/>
  <testcase classname="hust.cs.javacourse.search.index.DocumentTest" name="testGetTupleSize" time="0.000"/>
  <testcase classname="hust.cs.javacourse.search.index.DocumentTest" name="testSetDocPath" time="0.000"/>
  <testcase classname="hust.cs.javacourse.search.index.DocumentTest" name="testContains" time="0.000"/>
</testsuite> <!-- hust.cs.javacourse.search.index.DocumentTest -->
